Using pre-set license
Built from '2020.3/staging' branch; Version is '2020.3.18f1 (a7d1c678663c) revision 10998214'; Using compiler version '192528614'; Build Type 'Release'
OS: 'Windows 10 Pro; OS build 19041.329; Version 2004; 64bit' Language: 'en' Physical Memory: 16242 MB
BatchMode: 1, IsHumanControllingUs: 0, StartBugReporterOnCrash: 0, Is64bit: 1, IsPro: 0

COMMAND LINE ARGUMENTS:
C:\Program Files\Unity\Hub\Editor\2020.3.18f1\Editor\Unity.exe
-adb2
-batchMode
-noUpm
-name
AssetImportWorker0
-projectPath
C:/Users/23mickr/OneDrive - Elida Local School District/Game Design/ManholeVR
-logFile
Logs/AssetImportWorker0.log
-srvPort
60199
Successfully changed project path to: C:/Users/23mickr/OneDrive - Elida Local School District/Game Design/ManholeVR
C:/Users/23mickr/OneDrive - Elida Local School District/Game Design/ManholeVR
Using Asset Import Pipeline V2.
Refreshing native plugins compatible for Editor in 76.78 ms, found 10 plugins.
Preloading 1 native plugins for Editor in 1.00 ms.
Initialize engine version: 2020.3.18f1 (a7d1c678663c)
[Subsystems] Discovering subsystems at path C:/Program Files/Unity/Hub/Editor/2020.3.18f1/Editor/Data/Resources/UnitySubsystems
[Subsystems] Discovering subsystems at path C:/Users/23mickr/OneDrive - Elida Local School District/Game Design/ManholeVR/Assets
GfxDevice: creating device client; threaded=0
Direct3D:
    Version:  Direct3D 11.0 [level 11.1]
    Renderer: NVIDIA GeForce GTX 1050 Ti (ID=0x1c82)
    Vendor:   
    VRAM:     4018 MB
    Driver:   27.21.14.6192
Initialize mono
Mono path[0] = 'C:/Program Files/Unity/Hub/Editor/2020.3.18f1/Editor/Data/Managed'
Mono path[1] = 'C:/Program Files/Unity/Hub/Editor/2020.3.18f1/Editor/Data/MonoBleedingEdge/lib/mono/unityjit'
Mono config path = 'C:/Program Files/Unity/Hub/Editor/2020.3.18f1/Editor/Data/MonoBleedingEdge/etc'
Using monoOptions --debugger-agent=transport=dt_socket,embedding=1,server=y,suspend=n,address=127.0.0.1:56836
Begin MonoManager ReloadAssembly
Registering precompiled unity dll's ...
Register platform support module: C:/Program Files/Unity/Hub/Editor/2020.3.18f1/Editor/Data/PlaybackEngines/WindowsStandaloneSupport/UnityEditor.WindowsStandalone.Extensions.dll
Registered in 0.002024 seconds.
Native extension for WindowsStandalone target not found
Refreshing native plugins compatible for Editor in 67.59 ms, found 10 plugins.
Preloading 1 native plugins for Editor in 0.12 ms.
Mono: successfully reloaded assembly
- Completed reload, in  1.113 seconds
Domain Reload Profiling:
	ReloadAssembly (1113ms)
		BeginReloadAssembly (52ms)
			ExecutionOrderSort (0ms)
			DisableScriptedObjects (0ms)
			BackupInstance (0ms)
			ReleaseScriptingObjects (0ms)
			CreateAndSetChildDomain (1ms)
		EndReloadAssembly (453ms)
			LoadAssemblies (50ms)
			RebuildTransferFunctionScriptingTraits (0ms)
			SetupTypeCache (141ms)
			ReleaseScriptCaches (0ms)
			RebuildScriptCaches (30ms)
			SetupLoadedEditorAssemblies (211ms)
				LogAssemblyErrors (0ms)
				InitializePlatformSupportModulesInManaged (3ms)
				SetLoadedEditorAssemblies (0ms)
				RefreshPlugins (68ms)
				BeforeProcessingInitializeOnLoad (8ms)
				ProcessInitializeOnLoadAttributes (87ms)
				ProcessInitializeOnLoadMethodAttributes (44ms)
				AfterProcessingInitializeOnLoad (0ms)
				EditorAssembliesLoaded (0ms)
			ExecutionOrderSort2 (0ms)
			AwakeInstancesAfterBackupRestoration (0ms)
Platform modules already initialized, skipping
Registering precompiled user dll's ...
Registered in 0.007977 seconds.
Begin MonoManager ReloadAssembly
Native extension for WindowsStandalone target not found
Refreshing native plugins compatible for Editor in 68.50 ms, found 10 plugins.
Preloading 1 native plugins for Editor in 0.07 ms.
[XR] OculusXRPlugin: registering subsystems
[XR] Unable to register display lifecyle provider: [1]
[XR] Oculus Input lifecycle provider registered.
[XR] Unable to register input lifecyle provider: [1]
System.Reflection.TargetInvocationException: Exception has been thrown by the target of an invocation. ---> System.NullReferenceException: Object reference not set to an instance of an object
  at Unity.XR.Oculus.OculusLoader.AssetPathToAbsolutePath (System.String assetPath) [0x00048] in C:\Users\23mickr\OneDrive - Elida Local School District\Game Design\ManholeVR\Library\PackageCache\com.unity.xr.oculus@1.10.0\Runtime\OculusLoader.cs:250 
  at Unity.XR.Oculus.OculusLoader.EditorLoadOVRPlugin () [0x0007b] in C:\Users\23mickr\OneDrive - Elida Local School District\Game Design\ManholeVR\Library\PackageCache\com.unity.xr.oculus@1.10.0\Runtime\OculusLoader.cs:235 
  at (wrapper managed-to-native) System.Reflection.MonoMethod.InternalInvoke(System.Reflection.MonoMethod,object,object[],System.Exception&)
  at System.Reflection.MonoMethod.Invoke (System.Object obj, System.Reflection.BindingFlags invokeAttr, System.Reflection.Binder binder, System.Object[] parameters, System.Globalization.CultureInfo culture) [0x00032] in <695d1cc93cca45069c528c15c9fdd749>:0 
   --- End of inner exception stack trace ---
  at System.Reflection.MonoMethod.Invoke (System.Object obj, System.Reflection.BindingFlags invokeAttr, System.Reflection.Binder binder, System.Object[] parameters, System.Globalization.CultureInfo culture) [0x00048] in <695d1cc93cca45069c528c15c9fdd749>:0 
  at System.Reflection.MethodBase.Invoke (System.Object obj, System.Object[] parameters) [0x00000] in <695d1cc93cca45069c528c15c9fdd749>:0 
  at UnityEditor.EditorAssemblies.ProcessInitializeOnLoadMethodAttributes () [0x00047] in <5ad584e208e14caaa9e6b2e6027e9204>:0 
UnityEngine.StackTraceUtility:ExtractStackTrace ()
UnityEngine.DebugLogHandler:LogFormat (UnityEngine.LogType,UnityEngine.Object,string,object[])
UnityEngine.Logger:Log (UnityEngine.LogType,object)
UnityEngine.Debug:LogError (object)
UnityEditor.EditorAssemblies:ProcessInitializeOnLoadMethodAttributes ()

Mono: successfully reloaded assembly
- Completed reload, in  1.387 seconds
Domain Reload Profiling:
	ReloadAssembly (1388ms)
		BeginReloadAssembly (137ms)
			ExecutionOrderSort (0ms)
			DisableScriptedObjects (4ms)
			BackupInstance (0ms)
			ReleaseScriptingObjects (0ms)
			CreateAndSetChildDomain (18ms)
		EndReloadAssembly (1189ms)
			LoadAssemblies (91ms)
			RebuildTransferFunctionScriptingTraits (0ms)
			SetupTypeCache (408ms)
			ReleaseScriptCaches (1ms)
			RebuildScriptCaches (74ms)
			SetupLoadedEditorAssemblies (463ms)
				LogAssemblyErrors (0ms)
				InitializePlatformSupportModulesInManaged (4ms)
				SetLoadedEditorAssemblies (0ms)
				RefreshPlugins (69ms)
				BeforeProcessingInitializeOnLoad (91ms)
				ProcessInitializeOnLoadAttributes (277ms)
				ProcessInitializeOnLoadMethodAttributes (15ms)
				AfterProcessingInitializeOnLoad (7ms)
				EditorAssembliesLoaded (0ms)
			ExecutionOrderSort2 (0ms)
			AwakeInstancesAfterBackupRestoration (6ms)
Platform modules already initialized, skipping
========================================================================
Worker process is ready to serve import requests
Launched and connected shader compiler UnityShaderCompiler.exe after 0.05 seconds
Refreshing native plugins compatible for Editor in 0.87 ms, found 10 plugins.
Preloading 1 native plugins for Editor in 0.11 ms.
Unloading 3414 Unused Serialized files (Serialized files now loaded: 0)
System memory in use before: 151.1 MB.
System memory in use after: 151.3 MB.

Unloading 40 unused Assets to reduce memory usage. Loaded Objects now: 3852.
Total: 4.167900 ms (FindLiveObjects: 0.313500 ms CreateObjectMapping: 0.150000 ms MarkObjects: 3.531000 ms  DeleteObjects: 0.172200 ms)

AssetImportParameters requested are different than current active one (requested -> active):
  custom:framework-win-MediaFoundation: 216162199b28c13a410421893ffa2e32 -> 
  custom:video-decoder-ogg-theora: a1e56fd34408186e4bbccfd4996cb3dc -> 
  custom:container-muxer-webm: aa71ff27fc2769a1b78a27578f13a17b -> 
  custom:container-demuxer-webm: 4f35f7cbe854078d1ac9338744f61a02 -> 
  custom:container-demuxer-ogg: 62fdf1f143b41e24485cea50d1cbac27 -> 
  custom:video-encoder-webm-vp8: eb34c28f22e8b96e1ab97ce403110664 -> 
  custom:video-decoder-webm-vp8: 9c59270c3fd7afecdb556c50c9e8de78 -> 
  custom:audio-decoder-ogg-vorbis: bf7c407c2cedff20999df2af8eb42d56 -> 
  custom:audio-encoder-webm-vorbis: bf7c407c2cedff20999df2af8eb42d56 -> 
========================================================================
Received Import Request.
  path: Assets/Scenes/ManholeVR-Level1.unity
  artifactKey: Guid(afdcb113ffd5a4353ad88f0dd03743af) Importer(815301076,1909f56bfc062723c751e8b465ee728b)
Start importing Assets/Scenes/ManholeVR-Level1.unity using Guid(afdcb113ffd5a4353ad88f0dd03743af) Importer(815301076,1909f56bfc062723c751e8b465ee728b)  -> (artifact id: '9340fe03ac469e0483d7ea92cfddbf12') in 0.030014 seconds 
  Import took 0.035378 seconds .

========================================================================
Received Import Request.
  Time since last request: 0.000258 seconds.
  path: Assets/Scenes
  artifactKey: Guid(0d777402b5df94a8192f1a256e74d334) Importer(815301076,1909f56bfc062723c751e8b465ee728b)
Start importing Assets/Scenes using Guid(0d777402b5df94a8192f1a256e74d334) Importer(815301076,1909f56bfc062723c751e8b465ee728b)  -> (artifact id: '6c3f3982eb39a1c776df3167aef9964d') in 0.008148 seconds 
  Import took 0.013120 seconds .

========================================================================
Received Import Request.
  Time since last request: 140.387245 seconds.
  path: Assets/manhole_3dfiles
  artifactKey: Guid(ab7c99feac0732a4a8197fce7b1d5e37) Importer(815301076,1909f56bfc062723c751e8b465ee728b)
Start importing Assets/manhole_3dfiles using Guid(ab7c99feac0732a4a8197fce7b1d5e37) Importer(815301076,1909f56bfc062723c751e8b465ee728b)  -> (artifact id: '60dde386d0845392467b6ab71e6de562') in 0.008699 seconds 
  Import took 0.014483 seconds .

========================================================================
Received Import Request.
  Time since last request: 0.068969 seconds.
  path: Assets/manhole_3dfiles/circle_holes_lock.fbx
  artifactKey: Guid(93337d03bd057944c90ce8155ae9bfae) Importer(815301076,1909f56bfc062723c751e8b465ee728b)
Start importing Assets/manhole_3dfiles/circle_holes_lock.fbx using Guid(93337d03bd057944c90ce8155ae9bfae) Importer(815301076,1909f56bfc062723c751e8b465ee728b)  -> (artifact id: '22752edb16cf9e4a37c34288f0c11f46') in 0.428657 seconds 
  Import took 0.434148 seconds .

========================================================================
Received Import Request.
  Time since last request: 0.000388 seconds.
  path: Assets/manhole_3dfiles/disk_tighetner_wide.obj
  artifactKey: Guid(dceb8f99029c61f43a535c06eeb5d401) Importer(815301076,1909f56bfc062723c751e8b465ee728b)
Start importing Assets/manhole_3dfiles/disk_tighetner_wide.obj using Guid(dceb8f99029c61f43a535c06eeb5d401) Importer(815301076,1909f56bfc062723c751e8b465ee728b)  -> (artifact id: 'e093016bdaf09f298c7fd08eaaec9910') in 0.044770 seconds 
  Import took 0.049540 seconds .

========================================================================
Received Import Request.
  Time since last request: 0.000250 seconds.
  path: Assets/manhole_3dfiles/Concrete1.mat
  artifactKey: Guid(358a8711c57a88348a3f3416cdd85ae4) Importer(815301076,1909f56bfc062723c751e8b465ee728b)
Start importing Assets/manhole_3dfiles/Concrete1.mat using Guid(358a8711c57a88348a3f3416cdd85ae4) Importer(815301076,1909f56bfc062723c751e8b465ee728b)  -> (artifact id: 'fd62ca4b34b23b00c21cc3a1ed3059b2') in 0.268593 seconds 
  Import took 0.273241 seconds .

========================================================================
Received Import Request.
  Time since last request: 0.000254 seconds.
  path: Assets/manhole_3dfiles/circle_holes_lockNEWCENTER.fbx
  artifactKey: Guid(1d2ac304afa5a5c44834de0b4d6fedbe) Importer(815301076,1909f56bfc062723c751e8b465ee728b)
Start importing Assets/manhole_3dfiles/circle_holes_lockNEWCENTER.fbx using Guid(1d2ac304afa5a5c44834de0b4d6fedbe) Importer(815301076,1909f56bfc062723c751e8b465ee728b)  -> (artifact id: 'e43dd625e7b04a95964641d2d4fb10a3') in 0.036334 seconds 
  Import took 0.041469 seconds .

========================================================================
Received Import Request.
  Time since last request: 0.000252 seconds.
  path: Assets/manhole_3dfiles/disk_tightener.obj
  artifactKey: Guid(286555391b0470340b4f10d159437104) Importer(815301076,1909f56bfc062723c751e8b465ee728b)
Start importing Assets/manhole_3dfiles/disk_tightener.obj using Guid(286555391b0470340b4f10d159437104) Importer(815301076,1909f56bfc062723c751e8b465ee728b)  -> (artifact id: 'e2a80d0bafcb1772e537c276cec532b9') in 0.028490 seconds 
  Import took 0.033181 seconds .

========================================================================
Received Import Request.
  Time since last request: 0.000238 seconds.
  path: Assets/manhole_3dfiles/circle_holes_lockNEWCENTER3.fbx
  artifactKey: Guid(823afc00c8382194f8c4400e69e07a5c) Importer(815301076,1909f56bfc062723c751e8b465ee728b)
Start importing Assets/manhole_3dfiles/circle_holes_lockNEWCENTER3.fbx using Guid(823afc00c8382194f8c4400e69e07a5c) Importer(815301076,1909f56bfc062723c751e8b465ee728b)  -> (artifact id: '0a384a327c10a5e0a48e9418483968ac') in 0.042166 seconds 
  Import took 0.046799 seconds .

========================================================================
Received Import Request.
  Time since last request: 0.000259 seconds.
  path: Assets/manhole_3dfiles/circle_holes_lockNEWCENTER4.fbx
  artifactKey: Guid(ce3f361b446938549bdfbd08508668cd) Importer(815301076,1909f56bfc062723c751e8b465ee728b)
Start importing Assets/manhole_3dfiles/circle_holes_lockNEWCENTER4.fbx using Guid(ce3f361b446938549bdfbd08508668cd) Importer(815301076,1909f56bfc062723c751e8b465ee728b)  -> (artifact id: '350e4feb5d3416de9c1f7c55984157dd') in 0.029416 seconds 
  Import took 0.034584 seconds .

========================================================================
Received Import Request.
  Time since last request: 0.000249 seconds.
  path: Assets/manhole_3dfiles/cotter_pin.fbx
  artifactKey: Guid(ffe2003840505e3409370c003deaaf61) Importer(815301076,1909f56bfc062723c751e8b465ee728b)
Start importing Assets/manhole_3dfiles/cotter_pin.fbx using Guid(ffe2003840505e3409370c003deaaf61) Importer(815301076,1909f56bfc062723c751e8b465ee728b)  -> (artifact id: '38637080ea2c2f2416fdfdced55a7e16') in 0.028704 seconds 
  Import took 0.033188 seconds .

========================================================================
Received Import Request.
  Time since last request: 0.000226 seconds.
  path: Assets/manhole_3dfiles/disk_tightener_wide_2.obj
  artifactKey: Guid(44d6c1814609c0049b8b7e28784d08d8) Importer(815301076,1909f56bfc062723c751e8b465ee728b)
Start importing Assets/manhole_3dfiles/disk_tightener_wide_2.obj using Guid(44d6c1814609c0049b8b7e28784d08d8) Importer(815301076,1909f56bfc062723c751e8b465ee728b)  -> (artifact id: 'debbcb9555c8dcb8017df1d29676de4a') in 0.028012 seconds 
  Import took 0.032561 seconds .

========================================================================
Received Import Request.
  Time since last request: 0.587648 seconds.
  path: Assets/manhole_3dfiles/disk_tightener_wide_3.obj
  artifactKey: Guid(ec6e9077bc925014ab96fa94e48c7db4) Importer(815301076,1909f56bfc062723c751e8b465ee728b)
Start importing Assets/manhole_3dfiles/disk_tightener_wide_3.obj using Guid(ec6e9077bc925014ab96fa94e48c7db4) Importer(815301076,1909f56bfc062723c751e8b465ee728b)  -> (artifact id: '6ce9788cabd3266dfe14b7df3d50c339') in 0.024068 seconds 
  Import took 0.029840 seconds .

========================================================================
Received Import Request.
  Time since last request: 0.000235 seconds.
  path: Assets/manhole_3dfiles/manhole_inner.obj
  artifactKey: Guid(039ec20827e1f1445bb97dc56c0b95fc) Importer(815301076,1909f56bfc062723c751e8b465ee728b)
Start importing Assets/manhole_3dfiles/manhole_inner.obj using Guid(039ec20827e1f1445bb97dc56c0b95fc) Importer(815301076,1909f56bfc062723c751e8b465ee728b)  -> (artifact id: '2129af7f3c124c074cdb891f12b1b93c') in 0.069277 seconds 
  Import took 0.074471 seconds .

========================================================================
Received Import Request.
  Time since last request: 0.000248 seconds.
  path: Assets/manhole_3dfiles/handle.fbx
  artifactKey: Guid(25f78174fb8a46b4988434a8901c9490) Importer(815301076,1909f56bfc062723c751e8b465ee728b)
Start importing Assets/manhole_3dfiles/handle.fbx using Guid(25f78174fb8a46b4988434a8901c9490) Importer(815301076,1909f56bfc062723c751e8b465ee728b)  -> (artifact id: '1308212c5c79a86478353a5f38dbbdb5') in 0.026819 seconds 
  Import took 0.031736 seconds .

========================================================================
Received Import Request.
  Time since last request: 2.047214 seconds.
  path: Assets/manhole_3dfiles/manhole_inner_2kfaces.obj
  artifactKey: Guid(4380181d78788fd4182ae74f9bdf4885) Importer(815301076,1909f56bfc062723c751e8b465ee728b)
Start importing Assets/manhole_3dfiles/manhole_inner_2kfaces.obj using Guid(4380181d78788fd4182ae74f9bdf4885) Importer(815301076,1909f56bfc062723c751e8b465ee728b)  -> (artifact id: 'ce34b2fc8fd6729c3b95fcf564a23019') in 0.031592 seconds 
  Import took 0.036726 seconds .

========================================================================
Received Import Request.
  Time since last request: 0.000263 seconds.
  path: Assets/manhole_3dfiles/manhole_street.blend
  artifactKey: Guid(512e45f1460e258449bf7f70896a16d7) Importer(815301076,1909f56bfc062723c751e8b465ee728b)
Start importing Assets/manhole_3dfiles/manhole_street.blend using Guid(512e45f1460e258449bf7f70896a16d7) Importer(815301076,1909f56bfc062723c751e8b465ee728b)  -> (artifact id: '985a4f61d895dd7cea99f119b51fcb87') in 0.047622 seconds 
  Import took 0.052043 seconds .

========================================================================
Received Import Request.
  Time since last request: 0.000250 seconds.
  path: Assets/manhole_3dfiles/manhole_street3fbx.fbx
  artifactKey: Guid(53f63ae1401dc7a4c83c81a1bab6ba6e) Importer(815301076,1909f56bfc062723c751e8b465ee728b)
Start importing Assets/manhole_3dfiles/manhole_street3fbx.fbx using Guid(53f63ae1401dc7a4c83c81a1bab6ba6e) Importer(815301076,1909f56bfc062723c751e8b465ee728b)  -> (artifact id: 'ed7ba7e44e2cc3778708a4af5533b8d2') in 0.430848 seconds 
  Import took 0.435462 seconds .

========================================================================
Received Import Request.
  Time since last request: 0.000242 seconds.
  path: Assets/manhole_3dfiles/manhole_street3B_fbx.fbx
  artifactKey: Guid(9e01d1c4407968047860787388b01968) Importer(815301076,1909f56bfc062723c751e8b465ee728b)
Start importing Assets/manhole_3dfiles/manhole_street3B_fbx.fbx using Guid(9e01d1c4407968047860787388b01968) Importer(815301076,1909f56bfc062723c751e8b465ee728b)  -> (artifact id: '672f942b5ca6251a28689bd5e0451eca') in 0.039726 seconds 
  Import took 0.044556 seconds .

========================================================================
Received Import Request.
  Time since last request: 0.000227 seconds.
  path: Assets/manhole_3dfiles/pin.fbx
  artifactKey: Guid(af4dd81eb0407d04a82528e6d2e505dc) Importer(815301076,1909f56bfc062723c751e8b465ee728b)
Start importing Assets/manhole_3dfiles/pin.fbx using Guid(af4dd81eb0407d04a82528e6d2e505dc) Importer(815301076,1909f56bfc062723c751e8b465ee728b)  -> (artifact id: 'f34a457119adcd8042c13b084739f667') in 0.035331 seconds 
  Import took 0.040521 seconds .

========================================================================
Received Import Request.
  Time since last request: 10.085110 seconds.
  path: Assets/manhole_3dfiles/Polished-Concrete-Staggered-Architextures.jpg
  artifactKey: Guid(7f00b51277ab48c4586ceed3d69d8286) Importer(815301076,1909f56bfc062723c751e8b465ee728b)
Start importing Assets/manhole_3dfiles/Polished-Concrete-Staggered-Architextures.jpg using Guid(7f00b51277ab48c4586ceed3d69d8286) Importer(815301076,1909f56bfc062723c751e8b465ee728b)  -> (artifact id: '66f25468df573c10ad286bf760ead0f7') in 0.018701 seconds 
  Import took 0.023767 seconds .

========================================================================
Received Import Request.
  Time since last request: 0.000233 seconds.
  path: Assets/manhole_3dfiles/road_straight_pre.prefab
  artifactKey: Guid(15e5d9f4c767a4a44970fb911acafa6e) Importer(815301076,1909f56bfc062723c751e8b465ee728b)
Start importing Assets/manhole_3dfiles/road_straight_pre.prefab using Guid(15e5d9f4c767a4a44970fb911acafa6e) Importer(815301076,1909f56bfc062723c751e8b465ee728b)  -> (artifact id: '8147eacdc14dfa2aaff83365938975d3') in 0.039840 seconds 
  Import took 0.044519 seconds .

========================================================================
Received Import Request.
  Time since last request: 0.000242 seconds.
  path: Assets/manhole_3dfiles/speedplate_lefthalf.fbx
  artifactKey: Guid(89fb9a1a1a1d3504e91d6ce3be47484b) Importer(815301076,1909f56bfc062723c751e8b465ee728b)
Start importing Assets/manhole_3dfiles/speedplate_lefthalf.fbx using Guid(89fb9a1a1a1d3504e91d6ce3be47484b) Importer(815301076,1909f56bfc062723c751e8b465ee728b)  -> (artifact id: '69d6dee77cb045251f10f64bbf48534a') in 0.269636 seconds 
  Import took 0.274382 seconds .

========================================================================
Received Import Request.
  Time since last request: 0.000200 seconds.
  path: Assets/manhole_3dfiles/speedplate_middle.fbx
  artifactKey: Guid(6ee9ca1d703b7314cbdaf8f29b213f2d) Importer(815301076,1909f56bfc062723c751e8b465ee728b)
Start importing Assets/manhole_3dfiles/speedplate_middle.fbx using Guid(6ee9ca1d703b7314cbdaf8f29b213f2d) Importer(815301076,1909f56bfc062723c751e8b465ee728b)  -> (artifact id: 'f2577290f3aaa7c1664a5d6f0ff9545d') in 0.143911 seconds 
  Import took 0.148598 seconds .

========================================================================
Received Import Request.
  Time since last request: 0.000196 seconds.
  path: Assets/manhole_3dfiles/speedplate_middle_withPins.fbx
  artifactKey: Guid(e17a09d26f24b7b46a811d0d30579574) Importer(815301076,1909f56bfc062723c751e8b465ee728b)
Start importing Assets/manhole_3dfiles/speedplate_middle_withPins.fbx using Guid(e17a09d26f24b7b46a811d0d30579574) Importer(815301076,1909f56bfc062723c751e8b465ee728b)  -> (artifact id: '3c1b407ea74328e9bb8bf740bdc31d08') in 0.190808 seconds 
  Import took 0.195612 seconds .

========================================================================
Received Import Request.
  Time since last request: 0.000218 seconds.
  path: Assets/manhole_3dfiles/street_manhole1.obj
  artifactKey: Guid(e6ebbcb048e5c9d4ea67902f8d508952) Importer(815301076,1909f56bfc062723c751e8b465ee728b)
Start importing Assets/manhole_3dfiles/street_manhole1.obj using Guid(e6ebbcb048e5c9d4ea67902f8d508952) Importer(815301076,1909f56bfc062723c751e8b465ee728b)  -> (artifact id: '4c4ae75511e95f1d37c116bf41c7c8ea') in 0.051721 seconds 
  Import took 0.056506 seconds .

========================================================================
Received Import Request.
  Time since last request: 0.000206 seconds.
  path: Assets/manhole_3dfiles/rod_plate.fbx
  artifactKey: Guid(596e74bbd7f670445a888d8797a32ae3) Importer(815301076,1909f56bfc062723c751e8b465ee728b)
Start importing Assets/manhole_3dfiles/rod_plate.fbx using Guid(596e74bbd7f670445a888d8797a32ae3) Importer(815301076,1909f56bfc062723c751e8b465ee728b)  -> (artifact id: 'bffeed29a9a0bc6ad97f6d8886e80548') in 0.034831 seconds 
  Import took 0.040165 seconds .

========================================================================
Received Import Request.
  Time since last request: 0.000200 seconds.
  path: Assets/manhole_3dfiles/speedplate_righthalf.fbx
  artifactKey: Guid(da4461c186f5e2f498161f80767a8bf1) Importer(815301076,1909f56bfc062723c751e8b465ee728b)
Start importing Assets/manhole_3dfiles/speedplate_righthalf.fbx using Guid(da4461c186f5e2f498161f80767a8bf1) Importer(815301076,1909f56bfc062723c751e8b465ee728b)  -> (artifact id: '4ff9c527c7a25bdbdedb689ac6fc9aea') in 0.223231 seconds 
  Import took 0.228053 seconds .

========================================================================
Received Import Request.
  Time since last request: 0.002978 seconds.
  path: Assets/manhole_3dfiles/speedplate_righthalf.fbx
  artifactKey: Guid(da4461c186f5e2f498161f80767a8bf1) Importer(815301076,1909f56bfc062723c751e8b465ee728b)
Start importing Assets/manhole_3dfiles/speedplate_righthalf.fbx using Guid(da4461c186f5e2f498161f80767a8bf1) Importer(815301076,1909f56bfc062723c751e8b465ee728b)  -> (artifact id: '4ff9c527c7a25bdbdedb689ac6fc9aea') in 0.224793 seconds 
  Import took 0.230544 seconds .

========================================================================
Received Import Request.
  Time since last request: 0.000194 seconds.
  path: Assets/manhole_3dfiles/street_manholeB_obj.obj
  artifactKey: Guid(fe07d0b6e10a36c4aae884928e1c9cde) Importer(815301076,1909f56bfc062723c751e8b465ee728b)
Start importing Assets/manhole_3dfiles/street_manholeB_obj.obj using Guid(fe07d0b6e10a36c4aae884928e1c9cde) Importer(815301076,1909f56bfc062723c751e8b465ee728b)  -> (artifact id: 'cc4d6d078811f8a44a165f97626e4361') in 0.040907 seconds 
  Import took 0.045554 seconds .

========================================================================
Received Import Request.
  Time since last request: 18.647347 seconds.
  path: Assets/manhole_3dfiles/Blender Files
  artifactKey: Guid(468535d7281168c498877fb20914112e) Importer(815301076,1909f56bfc062723c751e8b465ee728b)
Start importing Assets/manhole_3dfiles/Blender Files using Guid(468535d7281168c498877fb20914112e) Importer(815301076,1909f56bfc062723c751e8b465ee728b)  -> (artifact id: '24cc77b672db2e8a2231dc82640909a0') in 0.006641 seconds 
  Import took 0.011706 seconds .

========================================================================
Received Import Request.
  Time since last request: 0.065506 seconds.
  path: Assets/manhole_3dfiles/Blender Files/manhole_street.blend
  artifactKey: Guid(6b708847f31f68a40b0916343551aa50) Importer(815301076,1909f56bfc062723c751e8b465ee728b)
Start importing Assets/manhole_3dfiles/Blender Files/manhole_street.blend using Guid(6b708847f31f68a40b0916343551aa50) Importer(815301076,1909f56bfc062723c751e8b465ee728b)  -> (artifact id: '26f14737c6b1c9eab535c9b5d699c291') in 0.102766 seconds 
  Import took 0.108333 seconds .

========================================================================
Received Import Request.
  Time since last request: 0.000230 seconds.
  path: Assets/manhole_3dfiles/Blender Files/manhole_street_compressed.blend
  artifactKey: Guid(65a85ebf62df5a344845b9c220152f6e) Importer(815301076,1909f56bfc062723c751e8b465ee728b)
Start importing Assets/manhole_3dfiles/Blender Files/manhole_street_compressed.blend using Guid(65a85ebf62df5a344845b9c220152f6e) Importer(815301076,1909f56bfc062723c751e8b465ee728b)  -> (artifact id: 'da734b4f7efc8832ac2f4892f1163610') in 0.041323 seconds 
  Import took 0.046499 seconds .

========================================================================
Received Import Request.
  Time since last request: 0.000186 seconds.
  path: Assets/manhole_3dfiles/Blender Files/manhole_street_compressed5fbx.fbx
  artifactKey: Guid(5f01f4a5cd83aaa46bc968689c821995) Importer(815301076,1909f56bfc062723c751e8b465ee728b)
Start importing Assets/manhole_3dfiles/Blender Files/manhole_street_compressed5fbx.fbx using Guid(5f01f4a5cd83aaa46bc968689c821995) Importer(815301076,1909f56bfc062723c751e8b465ee728b)  -> (artifact id: '30448c0fbaf814fdfd50711a11e16443') in 0.258485 seconds 
  Import took 0.263326 seconds .

========================================================================
Received Import Request.
  Time since last request: 0.000276 seconds.
  path: Assets/manhole_3dfiles/Blender Files/manhole_street_compressed.blend
  artifactKey: Guid(65a85ebf62df5a344845b9c220152f6e) Importer(815301076,1909f56bfc062723c751e8b465ee728b)
Start importing Assets/manhole_3dfiles/Blender Files/manhole_street_compressed.blend using Guid(65a85ebf62df5a344845b9c220152f6e) Importer(815301076,1909f56bfc062723c751e8b465ee728b)  -> (artifact id: 'da734b4f7efc8832ac2f4892f1163610') in 0.040302 seconds 
  Import took 0.045165 seconds .

========================================================================
Received Import Request.
  Time since last request: 0.000246 seconds.
  path: Assets/manhole_3dfiles/Blender Files/manhole_street_compressed4fbx.fbx
  artifactKey: Guid(72865ec0da5fc1e4c81dee438f282444) Importer(815301076,1909f56bfc062723c751e8b465ee728b)
Start importing Assets/manhole_3dfiles/Blender Files/manhole_street_compressed4fbx.fbx using Guid(72865ec0da5fc1e4c81dee438f282444) Importer(815301076,1909f56bfc062723c751e8b465ee728b)  -> (artifact id: 'bf851538a5c79246403a6f7c386f0f27') in 0.036775 seconds 
  Import took 0.041804 seconds .

AssetImportWorkerClient::OnTransportError - code=2 error=End of file
